<?xml version="1.0" encoding="UTF-8"?>
<!-- Generated by org.testng.reporters.JUnitXMLReporter -->
<testsuite hostname="LAPTOP-TCRRDUCD" ignored="0" name="Expense test" tests="5" failures="0" timestamp="17 May 2019 08:39:04 GMT" time="35.024" errors="0">
  <testcase name="verifyExpanseCategories" time="3.33" classname="tests.ExpenseTests"/>
  <testcase name="verifyTravelCategories" time="1.088" classname="tests.ExpenseTests"/>
  <testcase name="verifyAddExpansePage" time="1.179" classname="tests.ExpenseTests"/>
  <testcase name="addExpanseAsIncomeAndVerifyThem" time="8.724" classname="tests.ExpenseTests"/>
  <testcase name="verifyHomePageAfterAddedExpense" time="0.228" classname="tests.ExpenseTests"/>
</testsuite> <!-- Expense test -->
