<?xml version="1.0" encoding="UTF-8"?>
<!-- Generated by org.testng.reporters.JUnitXMLReporter -->
<testsuite hostname="LAPTOP-TCRRDUCD" ignored="0" name="IncomeTest" tests="5" failures="0" timestamp="17 May 2019 08:38:29 GMT" time="41.098" errors="0">
  <testcase name="verifyHomePageAfterLunchApp" time="0.142" classname="tests.IncomeTests"/>
  <testcase name="verifyCategoriesList" time="3.357" classname="tests.IncomeTests"/>
  <testcase name="verifyIncomePage" time="0.997" classname="tests.IncomeTests"/>
  <testcase name="verifySalaryPage" time="1.114" classname="tests.IncomeTests"/>
  <testcase name="addSalaryAsIncomeAndVerifyThem" time="8.74" classname="tests.IncomeTests"/>
</testsuite> <!-- IncomeTest -->
