<?xml version="1.0" encoding="UTF-8"?>
<!-- Generated by org.testng.reporters.JUnitXMLReporter -->
<testsuite hostname="LAPTOP-TCRRDUCD" ignored="0" name="demo for POC" tests="10" failures="4" timestamp="17 May 2019 05:43:16 GMT" time="63.379" errors="0">
  <testcase name="@AfterClass tearDown" time="0.02" classname="tests.IncomeTests">
    <failure type="org.openqa.selenium.NoSuchSessionException" message="A session is either terminated or not started
Build info: version: &amp;apos;3.11.0&amp;apos;, revision: &amp;apos;e59cfb3&amp;apos;, time: &amp;apos;2018-03-11T20:33:08.638Z&amp;apos;
System info: host: &amp;apos;LAPTOP-TCRRDUCD&amp;apos;, ip: &amp;apos;192.168.56.1&amp;apos;, os.name: &amp;apos;Windows 10&amp;apos;, os.arch: &amp;apos;amd64&amp;apos;, os.version: &amp;apos;10.0&amp;apos;, java.version: &amp;apos;1.8.0_211&amp;apos;
Driver info: org.openqa.selenium.remote.RemoteWebDriver
Capabilities {app: D:\eclipse-workspace\appium..., appActivity: com.dev.expensemanager.Spla..., appPackage: com.dev.expensemanager, autoGrantPermissions: true, browserName: , databaseEnabled: false, desired: {app: D:\eclipse-workspace\appium..., appActivity: com.dev.expensemanager.Spla..., appPackage: com.dev.expensemanager, autoGrantPermissions: true, browserName: , deviceName: 53bc506c, noReset: false, platformName: android, platformVersion: 9, resetKeyboard: true, unicodeKeyboard: true}, deviceManufacturer: OnePlus, deviceModel: ONEPLUS A6010, deviceName: 53bc506c, deviceScreenSize: 1080x2340, deviceUDID: 53bc506c, javascriptEnabled: true, locationContextEnabled: false, networkConnectionEnabled: true, noReset: false, platform: LINUX, platformName: LINUX, platformVersion: 9, resetKeyboard: true, takesScreenshot: true, unicodeKeyboard: true, warnings: {}, webStorageEnabled: false}
Session ID: f60d136a-7b7c-4587-97ff-f366724b3070">
      <![CDATA[org.openqa.selenium.NoSuchSessionException: A session is either terminated or not started
Build info: version: '3.11.0', revision: 'e59cfb3', time: '2018-03-11T20:33:08.638Z'
System info: host: 'LAPTOP-TCRRDUCD', ip: '192.168.56.1', os.name: 'Windows 10', os.arch: 'amd64', os.version: '10.0', java.version: '1.8.0_211'
Driver info: org.openqa.selenium.remote.RemoteWebDriver
Capabilities {app: D:\eclipse-workspace\appium..., appActivity: com.dev.expensemanager.Spla..., appPackage: com.dev.expensemanager, autoGrantPermissions: true, browserName: , databaseEnabled: false, desired: {app: D:\eclipse-workspace\appium..., appActivity: com.dev.expensemanager.Spla..., appPackage: com.dev.expensemanager, autoGrantPermissions: true, browserName: , deviceName: 53bc506c, noReset: false, platformName: android, platformVersion: 9, resetKeyboard: true, unicodeKeyboard: true}, deviceManufacturer: OnePlus, deviceModel: ONEPLUS A6010, deviceName: 53bc506c, deviceScreenSize: 1080x2340, deviceUDID: 53bc506c, javascriptEnabled: true, locationContextEnabled: false, networkConnectionEnabled: true, noReset: false, platform: LINUX, platformName: LINUX, platformVersion: 9, resetKeyboard: true, takesScreenshot: true, unicodeKeyboard: true, warnings: {}, webStorageEnabled: false}
Session ID: f60d136a-7b7c-4587-97ff-f366724b3070
	at org.openqa.selenium.remote.http.W3CHttpResponseCodec.createException(W3CHttpResponseCodec.java:187)
	at org.openqa.selenium.remote.http.W3CHttpResponseCodec.decode(W3CHttpResponseCodec.java:122)
	at org.openqa.selenium.remote.http.W3CHttpResponseCodec.decode(W3CHttpResponseCodec.java:49)
	at org.openqa.selenium.remote.HttpCommandExecutor.execute(HttpCommandExecutor.java:158)
	at org.openqa.selenium.remote.RemoteWebDriver.execute(RemoteWebDriver.java:545)
	at org.openqa.selenium.remote.RemoteWebDriver.execute(RemoteWebDriver.java:602)
	at org.openqa.selenium.remote.RemoteWebDriver.quit(RemoteWebDriver.java:445)
	at tests.IncomeTests.tearDown(IncomeTests.java:78)
... Removed 29 stack frames]]>
    </failure>
  </testcase> <!-- @AfterClass tearDown -->
  <testcase name="verifyHomePageAfterLunchApp" time="0.154" classname="tests.IncomeTests"/>
  <testcase name="verifyExpanseCategories" time="3.339" classname="tests.ExpenseTests"/>
  <testcase name="verifyCategoriesList" time="0.046" classname="tests.IncomeTests">
    <failure type="org.openqa.selenium.NoSuchSessionException" message="A session is either terminated or not started
Build info: version: &amp;apos;3.11.0&amp;apos;, revision: &amp;apos;e59cfb3&amp;apos;, time: &amp;apos;2018-03-11T20:33:08.638Z&amp;apos;
System info: host: &amp;apos;LAPTOP-TCRRDUCD&amp;apos;, ip: &amp;apos;192.168.56.1&amp;apos;, os.name: &amp;apos;Windows 10&amp;apos;, os.arch: &amp;apos;amd64&amp;apos;, os.version: &amp;apos;10.0&amp;apos;, java.version: &amp;apos;1.8.0_211&amp;apos;
Driver info: org.openqa.selenium.remote.RemoteWebDriver
Capabilities {app: D:\eclipse-workspace\appium..., appActivity: com.dev.expensemanager.Spla..., appPackage: com.dev.expensemanager, autoGrantPermissions: true, browserName: , databaseEnabled: false, desired: {app: D:\eclipse-workspace\appium..., appActivity: com.dev.expensemanager.Spla..., appPackage: com.dev.expensemanager, autoGrantPermissions: true, browserName: , deviceName: 53bc506c, noReset: false, platformName: android, platformVersion: 9, resetKeyboard: true, unicodeKeyboard: true}, deviceManufacturer: OnePlus, deviceModel: ONEPLUS A6010, deviceName: 53bc506c, deviceScreenSize: 1080x2340, deviceUDID: 53bc506c, javascriptEnabled: true, locationContextEnabled: false, networkConnectionEnabled: true, noReset: false, platform: LINUX, platformName: LINUX, platformVersion: 9, resetKeyboard: true, takesScreenshot: true, unicodeKeyboard: true, warnings: {}, webStorageEnabled: false}
Session ID: f60d136a-7b7c-4587-97ff-f366724b3070
*** Element info: {Using=xpath, value=//android.widget.Button}">
      <![CDATA[org.openqa.selenium.NoSuchSessionException: A session is either terminated or not started
Build info: version: '3.11.0', revision: 'e59cfb3', time: '2018-03-11T20:33:08.638Z'
System info: host: 'LAPTOP-TCRRDUCD', ip: '192.168.56.1', os.name: 'Windows 10', os.arch: 'amd64', os.version: '10.0', java.version: '1.8.0_211'
Driver info: org.openqa.selenium.remote.RemoteWebDriver
Capabilities {app: D:\eclipse-workspace\appium..., appActivity: com.dev.expensemanager.Spla..., appPackage: com.dev.expensemanager, autoGrantPermissions: true, browserName: , databaseEnabled: false, desired: {app: D:\eclipse-workspace\appium..., appActivity: com.dev.expensemanager.Spla..., appPackage: com.dev.expensemanager, autoGrantPermissions: true, browserName: , deviceName: 53bc506c, noReset: false, platformName: android, platformVersion: 9, resetKeyboard: true, unicodeKeyboard: true}, deviceManufacturer: OnePlus, deviceModel: ONEPLUS A6010, deviceName: 53bc506c, deviceScreenSize: 1080x2340, deviceUDID: 53bc506c, javascriptEnabled: true, locationContextEnabled: false, networkConnectionEnabled: true, noReset: false, platform: LINUX, platformName: LINUX, platformVersion: 9, resetKeyboard: true, takesScreenshot: true, unicodeKeyboard: true, warnings: {}, webStorageEnabled: false}
Session ID: f60d136a-7b7c-4587-97ff-f366724b3070
*** Element info: {Using=xpath, value=//android.widget.Button}
	at org.openqa.selenium.remote.http.W3CHttpResponseCodec.createException(W3CHttpResponseCodec.java:187)
	at org.openqa.selenium.remote.http.W3CHttpResponseCodec.decode(W3CHttpResponseCodec.java:122)
	at org.openqa.selenium.remote.http.W3CHttpResponseCodec.decode(W3CHttpResponseCodec.java:49)
	at org.openqa.selenium.remote.HttpCommandExecutor.execute(HttpCommandExecutor.java:158)
	at org.openqa.selenium.remote.RemoteWebDriver.execute(RemoteWebDriver.java:545)
	at org.openqa.selenium.remote.RemoteWebDriver.findElement(RemoteWebDriver.java:319)
	at org.openqa.selenium.remote.RemoteWebDriver.findElementByXPath(RemoteWebDriver.java:421)
	at org.openqa.selenium.By$ByXPath.findElement(By.java:361)
	at org.openqa.selenium.remote.RemoteWebDriver.findElement(RemoteWebDriver.java:311)
	at pages.HomePage.clickOnAddButton(HomePage.java:23)
	at tests.IncomeTests.verifyCategoriesList(IncomeTests.java:46)
... Removed 29 stack frames]]>
    </failure>
  </testcase> <!-- verifyCategoriesList -->
  <testcase name="verifyTravelCategories" time="1.029" classname="tests.ExpenseTests"/>
  <testcase name="verifyIncomePage" time="0.012" classname="tests.IncomeTests">
    <failure type="org.openqa.selenium.NoSuchSessionException" message="A session is either terminated or not started
Build info: version: &amp;apos;3.11.0&amp;apos;, revision: &amp;apos;e59cfb3&amp;apos;, time: &amp;apos;2018-03-11T20:33:08.638Z&amp;apos;
System info: host: &amp;apos;LAPTOP-TCRRDUCD&amp;apos;, ip: &amp;apos;192.168.56.1&amp;apos;, os.name: &amp;apos;Windows 10&amp;apos;, os.arch: &amp;apos;amd64&amp;apos;, os.version: &amp;apos;10.0&amp;apos;, java.version: &amp;apos;1.8.0_211&amp;apos;
Driver info: org.openqa.selenium.remote.RemoteWebDriver
Capabilities {app: D:\eclipse-workspace\appium..., appActivity: com.dev.expensemanager.Spla..., appPackage: com.dev.expensemanager, autoGrantPermissions: true, browserName: , databaseEnabled: false, desired: {app: D:\eclipse-workspace\appium..., appActivity: com.dev.expensemanager.Spla..., appPackage: com.dev.expensemanager, autoGrantPermissions: true, browserName: , deviceName: 53bc506c, noReset: false, platformName: android, platformVersion: 9, resetKeyboard: true, unicodeKeyboard: true}, deviceManufacturer: OnePlus, deviceModel: ONEPLUS A6010, deviceName: 53bc506c, deviceScreenSize: 1080x2340, deviceUDID: 53bc506c, javascriptEnabled: true, locationContextEnabled: false, networkConnectionEnabled: true, noReset: false, platform: LINUX, platformName: LINUX, platformVersion: 9, resetKeyboard: true, takesScreenshot: true, unicodeKeyboard: true, warnings: {}, webStorageEnabled: false}
Session ID: f60d136a-7b7c-4587-97ff-f366724b3070
*** Element info: {Using=xpath, value=//android.widget.TextView[contains(@text,&amp;apos;Add Income&amp;apos;)]}">
      <![CDATA[org.openqa.selenium.NoSuchSessionException: A session is either terminated or not started
Build info: version: '3.11.0', revision: 'e59cfb3', time: '2018-03-11T20:33:08.638Z'
System info: host: 'LAPTOP-TCRRDUCD', ip: '192.168.56.1', os.name: 'Windows 10', os.arch: 'amd64', os.version: '10.0', java.version: '1.8.0_211'
Driver info: org.openqa.selenium.remote.RemoteWebDriver
Capabilities {app: D:\eclipse-workspace\appium..., appActivity: com.dev.expensemanager.Spla..., appPackage: com.dev.expensemanager, autoGrantPermissions: true, browserName: , databaseEnabled: false, desired: {app: D:\eclipse-workspace\appium..., appActivity: com.dev.expensemanager.Spla..., appPackage: com.dev.expensemanager, autoGrantPermissions: true, browserName: , deviceName: 53bc506c, noReset: false, platformName: android, platformVersion: 9, resetKeyboard: true, unicodeKeyboard: true}, deviceManufacturer: OnePlus, deviceModel: ONEPLUS A6010, deviceName: 53bc506c, deviceScreenSize: 1080x2340, deviceUDID: 53bc506c, javascriptEnabled: true, locationContextEnabled: false, networkConnectionEnabled: true, noReset: false, platform: LINUX, platformName: LINUX, platformVersion: 9, resetKeyboard: true, takesScreenshot: true, unicodeKeyboard: true, warnings: {}, webStorageEnabled: false}
Session ID: f60d136a-7b7c-4587-97ff-f366724b3070
*** Element info: {Using=xpath, value=//android.widget.TextView[contains(@text,'Add Income')]}
	at org.openqa.selenium.remote.http.W3CHttpResponseCodec.createException(W3CHttpResponseCodec.java:187)
	at org.openqa.selenium.remote.http.W3CHttpResponseCodec.decode(W3CHttpResponseCodec.java:122)
	at org.openqa.selenium.remote.http.W3CHttpResponseCodec.decode(W3CHttpResponseCodec.java:49)
	at org.openqa.selenium.remote.HttpCommandExecutor.execute(HttpCommandExecutor.java:158)
	at org.openqa.selenium.remote.RemoteWebDriver.execute(RemoteWebDriver.java:545)
	at org.openqa.selenium.remote.RemoteWebDriver.findElement(RemoteWebDriver.java:319)
	at org.openqa.selenium.remote.RemoteWebDriver.findElementByXPath(RemoteWebDriver.java:421)
	at org.openqa.selenium.By$ByXPath.findElement(By.java:361)
	at org.openqa.selenium.remote.RemoteWebDriver.findElement(RemoteWebDriver.java:311)
	at pages.HomePage.clickOnAddIncome(HomePage.java:30)
	at tests.IncomeTests.verifyIncomePage(IncomeTests.java:54)
... Removed 29 stack frames]]>
    </failure>
  </testcase> <!-- verifyIncomePage -->
  <testcase name="verifyAddExpansePage" time="1.305" classname="tests.ExpenseTests"/>
  <testcase name="verifySalaryPage" time="0.013" classname="tests.IncomeTests">
    <failure type="org.openqa.selenium.NoSuchSessionException" message="A session is either terminated or not started
Build info: version: &amp;apos;3.11.0&amp;apos;, revision: &amp;apos;e59cfb3&amp;apos;, time: &amp;apos;2018-03-11T20:33:08.638Z&amp;apos;
System info: host: &amp;apos;LAPTOP-TCRRDUCD&amp;apos;, ip: &amp;apos;192.168.56.1&amp;apos;, os.name: &amp;apos;Windows 10&amp;apos;, os.arch: &amp;apos;amd64&amp;apos;, os.version: &amp;apos;10.0&amp;apos;, java.version: &amp;apos;1.8.0_211&amp;apos;
Driver info: org.openqa.selenium.remote.RemoteWebDriver
Capabilities {app: D:\eclipse-workspace\appium..., appActivity: com.dev.expensemanager.Spla..., appPackage: com.dev.expensemanager, autoGrantPermissions: true, browserName: , databaseEnabled: false, desired: {app: D:\eclipse-workspace\appium..., appActivity: com.dev.expensemanager.Spla..., appPackage: com.dev.expensemanager, autoGrantPermissions: true, browserName: , deviceName: 53bc506c, noReset: false, platformName: android, platformVersion: 9, resetKeyboard: true, unicodeKeyboard: true}, deviceManufacturer: OnePlus, deviceModel: ONEPLUS A6010, deviceName: 53bc506c, deviceScreenSize: 1080x2340, deviceUDID: 53bc506c, javascriptEnabled: true, locationContextEnabled: false, networkConnectionEnabled: true, noReset: false, platform: LINUX, platformName: LINUX, platformVersion: 9, resetKeyboard: true, takesScreenshot: true, unicodeKeyboard: true, warnings: {}, webStorageEnabled: false}
Session ID: f60d136a-7b7c-4587-97ff-f366724b3070
*** Element info: {Using=xpath, value=//android.widget.TextView[contains(@text,&amp;apos;Salary&amp;apos;)]}">
      <![CDATA[org.openqa.selenium.NoSuchSessionException: A session is either terminated or not started
Build info: version: '3.11.0', revision: 'e59cfb3', time: '2018-03-11T20:33:08.638Z'
System info: host: 'LAPTOP-TCRRDUCD', ip: '192.168.56.1', os.name: 'Windows 10', os.arch: 'amd64', os.version: '10.0', java.version: '1.8.0_211'
Driver info: org.openqa.selenium.remote.RemoteWebDriver
Capabilities {app: D:\eclipse-workspace\appium..., appActivity: com.dev.expensemanager.Spla..., appPackage: com.dev.expensemanager, autoGrantPermissions: true, browserName: , databaseEnabled: false, desired: {app: D:\eclipse-workspace\appium..., appActivity: com.dev.expensemanager.Spla..., appPackage: com.dev.expensemanager, autoGrantPermissions: true, browserName: , deviceName: 53bc506c, noReset: false, platformName: android, platformVersion: 9, resetKeyboard: true, unicodeKeyboard: true}, deviceManufacturer: OnePlus, deviceModel: ONEPLUS A6010, deviceName: 53bc506c, deviceScreenSize: 1080x2340, deviceUDID: 53bc506c, javascriptEnabled: true, locationContextEnabled: false, networkConnectionEnabled: true, noReset: false, platform: LINUX, platformName: LINUX, platformVersion: 9, resetKeyboard: true, takesScreenshot: true, unicodeKeyboard: true, warnings: {}, webStorageEnabled: false}
Session ID: f60d136a-7b7c-4587-97ff-f366724b3070
*** Element info: {Using=xpath, value=//android.widget.TextView[contains(@text,'Salary')]}
	at org.openqa.selenium.remote.http.W3CHttpResponseCodec.createException(W3CHttpResponseCodec.java:187)
	at org.openqa.selenium.remote.http.W3CHttpResponseCodec.decode(W3CHttpResponseCodec.java:122)
	at org.openqa.selenium.remote.http.W3CHttpResponseCodec.decode(W3CHttpResponseCodec.java:49)
	at org.openqa.selenium.remote.HttpCommandExecutor.execute(HttpCommandExecutor.java:158)
	at org.openqa.selenium.remote.RemoteWebDriver.execute(RemoteWebDriver.java:545)
	at org.openqa.selenium.remote.RemoteWebDriver.findElement(RemoteWebDriver.java:319)
	at org.openqa.selenium.remote.RemoteWebDriver.findElementByXPath(RemoteWebDriver.java:421)
	at org.openqa.selenium.By$ByXPath.findElement(By.java:361)
	at org.openqa.selenium.remote.RemoteWebDriver.findElement(RemoteWebDriver.java:311)
	at pages.HomePage.clickOnSalary(HomePage.java:37)
	at tests.IncomeTests.verifySalaryPage(IncomeTests.java:62)
... Removed 29 stack frames]]>
    </failure>
  </testcase> <!-- verifySalaryPage -->
  <testcase name="addExpanseAsIncomeAndVerifyThem" time="8.753" classname="tests.ExpenseTests"/>
  <testcase name="addSalaryAsIncomeAndVerifyThem" time="0.012" classname="tests.IncomeTests">
    <failure type="org.openqa.selenium.NoSuchSessionException" message="A session is either terminated or not started
Build info: version: &amp;apos;3.11.0&amp;apos;, revision: &amp;apos;e59cfb3&amp;apos;, time: &amp;apos;2018-03-11T20:33:08.638Z&amp;apos;
System info: host: &amp;apos;LAPTOP-TCRRDUCD&amp;apos;, ip: &amp;apos;192.168.56.1&amp;apos;, os.name: &amp;apos;Windows 10&amp;apos;, os.arch: &amp;apos;amd64&amp;apos;, os.version: &amp;apos;10.0&amp;apos;, java.version: &amp;apos;1.8.0_211&amp;apos;
Driver info: org.openqa.selenium.remote.RemoteWebDriver
Capabilities {app: D:\eclipse-workspace\appium..., appActivity: com.dev.expensemanager.Spla..., appPackage: com.dev.expensemanager, autoGrantPermissions: true, browserName: , databaseEnabled: false, desired: {app: D:\eclipse-workspace\appium..., appActivity: com.dev.expensemanager.Spla..., appPackage: com.dev.expensemanager, autoGrantPermissions: true, browserName: , deviceName: 53bc506c, noReset: false, platformName: android, platformVersion: 9, resetKeyboard: true, unicodeKeyboard: true}, deviceManufacturer: OnePlus, deviceModel: ONEPLUS A6010, deviceName: 53bc506c, deviceScreenSize: 1080x2340, deviceUDID: 53bc506c, javascriptEnabled: true, locationContextEnabled: false, networkConnectionEnabled: true, noReset: false, platform: LINUX, platformName: LINUX, platformVersion: 9, resetKeyboard: true, takesScreenshot: true, unicodeKeyboard: true, warnings: {}, webStorageEnabled: false}
Session ID: f60d136a-7b7c-4587-97ff-f366724b3070
*** Element info: {Using=xpath, value=//android.widget.EditText[contains(@text,&amp;apos;Enter Amount&amp;apos;)]}">
      <![CDATA[org.openqa.selenium.NoSuchSessionException: A session is either terminated or not started
Build info: version: '3.11.0', revision: 'e59cfb3', time: '2018-03-11T20:33:08.638Z'
System info: host: 'LAPTOP-TCRRDUCD', ip: '192.168.56.1', os.name: 'Windows 10', os.arch: 'amd64', os.version: '10.0', java.version: '1.8.0_211'
Driver info: org.openqa.selenium.remote.RemoteWebDriver
Capabilities {app: D:\eclipse-workspace\appium..., appActivity: com.dev.expensemanager.Spla..., appPackage: com.dev.expensemanager, autoGrantPermissions: true, browserName: , databaseEnabled: false, desired: {app: D:\eclipse-workspace\appium..., appActivity: com.dev.expensemanager.Spla..., appPackage: com.dev.expensemanager, autoGrantPermissions: true, browserName: , deviceName: 53bc506c, noReset: false, platformName: android, platformVersion: 9, resetKeyboard: true, unicodeKeyboard: true}, deviceManufacturer: OnePlus, deviceModel: ONEPLUS A6010, deviceName: 53bc506c, deviceScreenSize: 1080x2340, deviceUDID: 53bc506c, javascriptEnabled: true, locationContextEnabled: false, networkConnectionEnabled: true, noReset: false, platform: LINUX, platformName: LINUX, platformVersion: 9, resetKeyboard: true, takesScreenshot: true, unicodeKeyboard: true, warnings: {}, webStorageEnabled: false}
Session ID: f60d136a-7b7c-4587-97ff-f366724b3070
*** Element info: {Using=xpath, value=//android.widget.EditText[contains(@text,'Enter Amount')]}
	at org.openqa.selenium.remote.http.W3CHttpResponseCodec.createException(W3CHttpResponseCodec.java:187)
	at org.openqa.selenium.remote.http.W3CHttpResponseCodec.decode(W3CHttpResponseCodec.java:122)
	at org.openqa.selenium.remote.http.W3CHttpResponseCodec.decode(W3CHttpResponseCodec.java:49)
	at org.openqa.selenium.remote.HttpCommandExecutor.execute(HttpCommandExecutor.java:158)
	at org.openqa.selenium.remote.RemoteWebDriver.execute(RemoteWebDriver.java:545)
	at org.openqa.selenium.remote.RemoteWebDriver.findElement(RemoteWebDriver.java:319)
	at org.openqa.selenium.remote.RemoteWebDriver.findElementByXPath(RemoteWebDriver.java:421)
	at org.openqa.selenium.By$ByXPath.findElement(By.java:361)
	at org.openqa.selenium.remote.RemoteWebDriver.findElement(RemoteWebDriver.java:311)
	at pages.HomePage.addSalary(HomePage.java:45)
	at tests.IncomeTests.addSalaryAsIncomeAndVerifyThem(IncomeTests.java:70)
... Removed 29 stack frames]]>
    </failure>
  </testcase> <!-- addSalaryAsIncomeAndVerifyThem -->
  <testcase name="verifyHomePageAfterAddedExpense" time="0.202" classname="tests.ExpenseTests"/>
</testsuite> <!-- demo for POC -->
