<?xml version="1.0" encoding="UTF-8"?>
<!-- Generated by org.testng.reporters.JUnitXMLReporter -->
<testsuite hostname="LAPTOP-TCRRDUCD" ignored="0" name="Expense test" tests="5" failures="0" timestamp="17 May 2019 08:30:38 GMT" time="34.907" errors="0">
  <testcase name="verifyExpanseCategories" time="3.321" classname="tests.ExpenseTests"/>
  <testcase name="verifyTravelCategories" time="1.054" classname="tests.ExpenseTests"/>
  <testcase name="verifyAddExpansePage" time="1.166" classname="tests.ExpenseTests"/>
  <testcase name="addExpanseAsIncomeAndVerifyThem" time="8.835" classname="tests.ExpenseTests"/>
  <testcase name="verifyHomePageAfterAddedExpense" time="0.23" classname="tests.ExpenseTests"/>
</testsuite> <!-- Expense test -->
