<?xml version="1.0" encoding="UTF-8"?>
<!-- Generated by org.testng.reporters.JUnitXMLReporter -->
<testsuite hostname="LAPTOP-TCRRDUCD" ignored="0" name="Expense test" tests="5" failures="0" timestamp="18 May 2019 10:25:28 GMT" time="34.595" errors="0">
  <testcase name="verifyTheExpenseCategoryScreenTitle" time="4.287" classname="tests.ExpenseTests"/>
  <testcase name="verifyAddExpenseScreen" time="1.253" classname="tests.ExpenseTests"/>
  <testcase name="verifyAddExpenseFeature" time="8.907" classname="tests.ExpenseTests"/>
  <testcase name="verifyHomePageAfterAddedExpense" time="0.258" classname="tests.ExpenseTests"/>
  <testcase name="verifySelectAnyDateRangeToShowDataMessage" time="1.378" classname="tests.ExpenseTests"/>
</testsuite> <!-- Expense test -->
