<?xml version="1.0" encoding="UTF-8"?>
<!-- Generated by org.testng.reporters.JUnitXMLReporter -->
<testsuite hostname="LAPTOP-TCRRDUCD" ignored="0" name="IncomeTest" tests="5" failures="0" timestamp="17 May 2019 08:30:03 GMT" time="37.5" errors="0">
  <testcase name="verifyHomePageAfterLunchApp" time="0.135" classname="tests.IncomeTests"/>
  <testcase name="verifyCategoriesList" time="3.316" classname="tests.IncomeTests"/>
  <testcase name="verifyIncomePage" time="1.027" classname="tests.IncomeTests"/>
  <testcase name="verifySalaryPage" time="1.101" classname="tests.IncomeTests"/>
  <testcase name="addSalaryAsIncomeAndVerifyThem" time="8.703" classname="tests.IncomeTests"/>
</testsuite> <!-- IncomeTest -->
