<?xml version="1.0" encoding="UTF-8"?>
<testng-results skipped="0" failed="0" ignored="0" total="10" passed="10">
  <reporter-output>
  </reporter-output>
  <suite name="Suite1" duration-ms="70445" started-at="2019-05-18T10:24:18Z" finished-at="2019-05-18T10:25:28Z">
    <groups>
    </groups>
    <test name="IncomeTest" duration-ms="35819" started-at="2019-05-18T10:24:18Z" finished-at="2019-05-18T10:24:54Z">
      <class name="tests.IncomeTests">
        <test-method status="PASS" signature="setUp()[pri:0, instance:tests.IncomeTests@43814d18]" name="setUp" is-config="true" duration-ms="19976" started-at="2019-05-18T15:54:18Z" finished-at="2019-05-18T15:54:38Z">
          <reporter-output>
          </reporter-output>
        </test-method> <!-- setUp -->
        <test-method status="PASS" signature="VerifyAppLaunchesSuccessfully()[pri:1, instance:tests.IncomeTests@43814d18]" name="VerifyAppLaunchesSuccessfully" duration-ms="128" started-at="2019-05-18T15:54:38Z" finished-at="2019-05-18T15:54:38Z">
          <reporter-output>
          </reporter-output>
        </test-method> <!-- VerifyAppLaunchesSuccessfully -->
        <test-method status="PASS" signature="verifyCategoriesModal()[pri:2, instance:tests.IncomeTests@43814d18]" name="verifyCategoriesModal" duration-ms="3348" started-at="2019-05-18T15:54:38Z" finished-at="2019-05-18T15:54:41Z">
          <reporter-output>
          </reporter-output>
        </test-method> <!-- verifyCategoriesModal -->
        <test-method status="PASS" signature="verifyTheIncomeCategoryScreenTitle()[pri:3, instance:tests.IncomeTests@43814d18]" name="verifyTheIncomeCategoryScreenTitle" duration-ms="1037" started-at="2019-05-18T15:54:41Z" finished-at="2019-05-18T15:54:42Z">
          <reporter-output>
          </reporter-output>
        </test-method> <!-- verifyTheIncomeCategoryScreenTitle -->
        <test-method status="PASS" signature="verifyAddIncomeScreen()[pri:4, instance:tests.IncomeTests@43814d18]" name="verifyAddIncomeScreen" duration-ms="1144" started-at="2019-05-18T15:54:42Z" finished-at="2019-05-18T15:54:44Z">
          <reporter-output>
          </reporter-output>
        </test-method> <!-- verifyAddIncomeScreen -->
        <test-method status="PASS" signature="verifyAddIncomeFeature()[pri:5, instance:tests.IncomeTests@43814d18]" name="verifyAddIncomeFeature" duration-ms="8836" started-at="2019-05-18T15:54:44Z" finished-at="2019-05-18T15:54:52Z">
          <reporter-output>
          </reporter-output>
        </test-method> <!-- verifyAddIncomeFeature -->
        <test-method status="PASS" signature="tearDown()[pri:0, instance:tests.IncomeTests@43814d18]" name="tearDown" is-config="true" duration-ms="1267" started-at="2019-05-18T15:54:52Z" finished-at="2019-05-18T15:54:54Z">
          <reporter-output>
          </reporter-output>
        </test-method> <!-- tearDown -->
      </class> <!-- tests.IncomeTests -->
    </test> <!-- IncomeTest -->
    <test name="Expense test" duration-ms="34595" started-at="2019-05-18T10:24:54Z" finished-at="2019-05-18T10:25:28Z">
      <class name="tests.ExpenseTests">
        <test-method status="PASS" signature="setUp()[pri:0, instance:tests.ExpenseTests@7c29daf3]" name="setUp" is-config="true" duration-ms="17300" started-at="2019-05-18T15:54:54Z" finished-at="2019-05-18T15:55:11Z">
          <reporter-output>
          </reporter-output>
        </test-method> <!-- setUp -->
        <test-method status="PASS" signature="verifyTheExpenseCategoryScreenTitle()[pri:1, instance:tests.ExpenseTests@7c29daf3]" name="verifyTheExpenseCategoryScreenTitle" duration-ms="4287" started-at="2019-05-18T15:55:11Z" finished-at="2019-05-18T15:55:15Z">
          <reporter-output>
          </reporter-output>
        </test-method> <!-- verifyTheExpenseCategoryScreenTitle -->
        <test-method status="PASS" signature="verifyAddExpenseScreen()[pri:2, instance:tests.ExpenseTests@7c29daf3]" name="verifyAddExpenseScreen" duration-ms="1253" started-at="2019-05-18T15:55:15Z" finished-at="2019-05-18T15:55:17Z">
          <reporter-output>
          </reporter-output>
        </test-method> <!-- verifyAddExpenseScreen -->
        <test-method status="PASS" signature="verifyAddExpenseFeature()[pri:3, instance:tests.ExpenseTests@7c29daf3]" name="verifyAddExpenseFeature" duration-ms="8907" started-at="2019-05-18T15:55:17Z" finished-at="2019-05-18T15:55:25Z">
          <reporter-output>
          </reporter-output>
        </test-method> <!-- verifyAddExpenseFeature -->
        <test-method status="PASS" signature="verifyHomePageAfterAddedExpense()[pri:4, instance:tests.ExpenseTests@7c29daf3]" name="verifyHomePageAfterAddedExpense" duration-ms="258" started-at="2019-05-18T15:55:25Z" finished-at="2019-05-18T15:55:26Z">
          <reporter-output>
          </reporter-output>
        </test-method> <!-- verifyHomePageAfterAddedExpense -->
        <test-method status="PASS" signature="verifySelectAnyDateRangeToShowDataMessage()[pri:5, instance:tests.ExpenseTests@7c29daf3]" name="verifySelectAnyDateRangeToShowDataMessage" duration-ms="1378" started-at="2019-05-18T15:55:26Z" finished-at="2019-05-18T15:55:27Z">
          <reporter-output>
          </reporter-output>
        </test-method> <!-- verifySelectAnyDateRangeToShowDataMessage -->
        <test-method status="PASS" signature="tearDown()[pri:0, instance:tests.ExpenseTests@7c29daf3]" name="tearDown" is-config="true" duration-ms="1192" started-at="2019-05-18T15:55:27Z" finished-at="2019-05-18T15:55:28Z">
          <reporter-output>
          </reporter-output>
        </test-method> <!-- tearDown -->
      </class> <!-- tests.ExpenseTests -->
    </test> <!-- Expense test -->
  </suite> <!-- Suite1 -->
</testng-results>
