<?xml version="1.0" encoding="UTF-8"?>
<testng-results skipped="0" failed="0" ignored="0" total="10" passed="10">
  <reporter-output>
  </reporter-output>
  <suite name="Suite1" duration-ms="72447" started-at="2019-05-17T08:29:25Z" finished-at="2019-05-17T08:30:38Z">
    <groups>
    </groups>
    <test name="IncomeTest" duration-ms="37500" started-at="2019-05-17T08:29:25Z" finished-at="2019-05-17T08:30:03Z">
      <class name="tests.IncomeTests">
        <test-method status="PASS" signature="setUp()[pri:0, instance:tests.IncomeTests@43814d18]" name="setUp" is-config="true" duration-ms="21598" started-at="2019-05-17T13:59:25Z" finished-at="2019-05-17T13:59:47Z">
          <reporter-output>
          </reporter-output>
        </test-method> <!-- setUp -->
        <test-method status="PASS" signature="verifyHomePageAfterLunchApp()[pri:1, instance:tests.IncomeTests@43814d18]" name="verifyHomePageAfterLunchApp" duration-ms="135" started-at="2019-05-17T13:59:47Z" finished-at="2019-05-17T13:59:47Z">
          <reporter-output>
          </reporter-output>
        </test-method> <!-- verifyHomePageAfterLunchApp -->
        <test-method status="PASS" signature="verifyCategoriesList()[pri:2, instance:tests.IncomeTests@43814d18]" name="verifyCategoriesList" duration-ms="3316" started-at="2019-05-17T13:59:47Z" finished-at="2019-05-17T13:59:51Z">
          <reporter-output>
          </reporter-output>
        </test-method> <!-- verifyCategoriesList -->
        <test-method status="PASS" signature="verifyIncomePage()[pri:3, instance:tests.IncomeTests@43814d18]" name="verifyIncomePage" duration-ms="1027" started-at="2019-05-17T13:59:51Z" finished-at="2019-05-17T13:59:52Z">
          <reporter-output>
          </reporter-output>
        </test-method> <!-- verifyIncomePage -->
        <test-method status="PASS" signature="verifySalaryPage()[pri:4, instance:tests.IncomeTests@43814d18]" name="verifySalaryPage" duration-ms="1101" started-at="2019-05-17T13:59:52Z" finished-at="2019-05-17T13:59:53Z">
          <reporter-output>
          </reporter-output>
        </test-method> <!-- verifySalaryPage -->
        <test-method status="PASS" signature="addSalaryAsIncomeAndVerifyThem()[pri:5, instance:tests.IncomeTests@43814d18]" name="addSalaryAsIncomeAndVerifyThem" duration-ms="8703" started-at="2019-05-17T13:59:53Z" finished-at="2019-05-17T14:00:01Z">
          <reporter-output>
          </reporter-output>
        </test-method> <!-- addSalaryAsIncomeAndVerifyThem -->
        <test-method status="PASS" signature="tearDown()[pri:0, instance:tests.IncomeTests@43814d18]" name="tearDown" is-config="true" duration-ms="1545" started-at="2019-05-17T14:00:01Z" finished-at="2019-05-17T14:00:03Z">
          <reporter-output>
          </reporter-output>
        </test-method> <!-- tearDown -->
      </class> <!-- tests.IncomeTests -->
    </test> <!-- IncomeTest -->
    <test name="Expense test" duration-ms="34907" started-at="2019-05-17T08:30:03Z" finished-at="2019-05-17T08:30:38Z">
      <class name="tests.ExpenseTests">
        <test-method status="PASS" signature="setUp()[pri:0, instance:tests.ExpenseTests@7c29daf3]" name="setUp" is-config="true" duration-ms="18871" started-at="2019-05-17T14:00:03Z" finished-at="2019-05-17T14:00:22Z">
          <reporter-output>
          </reporter-output>
        </test-method> <!-- setUp -->
        <test-method status="PASS" signature="verifyExpanseCategories()[pri:1, instance:tests.ExpenseTests@7c29daf3]" name="verifyExpanseCategories" duration-ms="3321" started-at="2019-05-17T14:00:22Z" finished-at="2019-05-17T14:00:25Z">
          <reporter-output>
          </reporter-output>
        </test-method> <!-- verifyExpanseCategories -->
        <test-method status="PASS" signature="verifyTravelCategories()[pri:2, instance:tests.ExpenseTests@7c29daf3]" name="verifyTravelCategories" duration-ms="1054" started-at="2019-05-17T14:00:25Z" finished-at="2019-05-17T14:00:26Z">
          <reporter-output>
          </reporter-output>
        </test-method> <!-- verifyTravelCategories -->
        <test-method status="PASS" signature="verifyAddExpansePage()[pri:3, instance:tests.ExpenseTests@7c29daf3]" name="verifyAddExpansePage" duration-ms="1166" started-at="2019-05-17T14:00:26Z" finished-at="2019-05-17T14:00:27Z">
          <reporter-output>
          </reporter-output>
        </test-method> <!-- verifyAddExpansePage -->
        <test-method status="PASS" signature="addExpanseAsIncomeAndVerifyThem()[pri:4, instance:tests.ExpenseTests@7c29daf3]" name="addExpanseAsIncomeAndVerifyThem" duration-ms="8835" started-at="2019-05-17T14:00:27Z" finished-at="2019-05-17T14:00:36Z">
          <reporter-output>
          </reporter-output>
        </test-method> <!-- addExpanseAsIncomeAndVerifyThem -->
        <test-method status="PASS" signature="verifyHomePageAfterAddedExpense()[pri:5, instance:tests.ExpenseTests@7c29daf3]" name="verifyHomePageAfterAddedExpense" duration-ms="230" started-at="2019-05-17T14:00:36Z" finished-at="2019-05-17T14:00:36Z">
          <reporter-output>
          </reporter-output>
        </test-method> <!-- verifyHomePageAfterAddedExpense -->
        <test-method status="PASS" signature="tearDown()[pri:0, instance:tests.ExpenseTests@7c29daf3]" name="tearDown" is-config="true" duration-ms="1414" started-at="2019-05-17T14:00:36Z" finished-at="2019-05-17T14:00:38Z">
          <reporter-output>
          </reporter-output>
        </test-method> <!-- tearDown -->
      </class> <!-- tests.ExpenseTests -->
    </test> <!-- Expense test -->
  </suite> <!-- Suite1 -->
</testng-results>
