<?xml version="1.0" encoding="UTF-8"?>
<!-- Generated by org.testng.reporters.JUnitXMLReporter -->
<testsuite hostname="LAPTOP-TCRRDUCD" ignored="4" name="Default test" tests="1" failures="0" timestamp="18 May 2019 10:23:53 GMT" time="24.025" errors="0">
  <testcase name="verifySelectAnyDateRangeToShowDataMessage" time="1.276" classname="tests.ExpenseTests"/>
  <testcase name="verifyHomePageAfterAddedExpense" time="0.0" classname="tests.ExpenseTests">
    <ignored/>
  </testcase> <!-- verifyHomePageAfterAddedExpense -->
  <testcase name="verifyTheExpenseCategoryScreenTitle" time="0.0" classname="tests.ExpenseTests">
    <ignored/>
  </testcase> <!-- verifyTheExpenseCategoryScreenTitle -->
  <testcase name="verifyAddExpenseFeature" time="0.0" classname="tests.ExpenseTests">
    <ignored/>
  </testcase> <!-- verifyAddExpenseFeature -->
  <testcase name="verifyAddExpenseScreen" time="0.0" classname="tests.ExpenseTests">
    <ignored/>
  </testcase> <!-- verifyAddExpenseScreen -->
</testsuite> <!-- Default test -->
