<?xml version="1.0" encoding="UTF-8"?>
<!-- Generated by org.testng.reporters.JUnitXMLReporter -->
<testsuite hostname="LAPTOP-TCRRDUCD" ignored="0" name="Default test" tests="5" failures="0" timestamp="17 May 2019 08:28:03 GMT" time="38.373" errors="0">
  <testcase name="verifyHomePageAfterLunchApp" time="0.178" classname="tests.IncomeTests"/>
  <testcase name="verifyCategoriesList" time="3.373" classname="tests.IncomeTests"/>
  <testcase name="verifyIncomePage" time="0.941" classname="tests.IncomeTests"/>
  <testcase name="verifySalaryPage" time="1.078" classname="tests.IncomeTests"/>
  <testcase name="addSalaryAsIncomeAndVerifyThem" time="8.92" classname="tests.IncomeTests"/>
</testsuite> <!-- Default test -->
